<?xml version="1.0" encoding="UTF-8"?>
<!-- Generated by org.testng.reporters.JUnitXMLReporter -->
<testsuite ignored="18" hostname="PHYUPHWAY" failures="0" tests="1" name="Test" time="0.117" errors="0" timestamp="2020-11-26T19:22:39 MMT">
  <testcase classname="group.DependsOnGroupTest" name="test2_qa_regression" time="0.016"/>
  <testcase classname="dependency.DependencyTest" name="signIn" time="0.0">
    <ignored/>
  </testcase> <!-- signIn -->
  <testcase classname="demo_project.DemoProjectTest" name="searchProduct" time="0.0">
    <ignored/>
  </testcase> <!-- searchProduct -->
  <testcase classname="priority.PriorityTest" name="makePayment" time="0.0">
    <ignored/>
  </testcase> <!-- makePayment -->
  <testcase classname="annotations.AnnotationTest" name="login" time="0.0">
    <ignored/>
  </testcase> <!-- login -->
  <testcase classname="group.DependsOnGroupTest" name="test1_smoke" time="0.0">
    <ignored/>
  </testcase> <!-- test1_smoke -->
  <testcase classname="priority.PriorityTest" name="signOut" time="0.0">
    <ignored/>
  </testcase> <!-- signOut -->
  <testcase classname="priority.PriorityTest" name="paymentHistory" time="0.0">
    <ignored/>
  </testcase> <!-- paymentHistory -->
  <testcase classname="group.DependsOnGroupTest" name="test3" time="0.0">
    <ignored/>
  </testcase> <!-- test3 -->
  <testcase classname="assertions.AssertionTest" name="testPageNameVerification" time="0.0">
    <ignored/>
  </testcase> <!-- testPageNameVerification -->
  <testcase classname="demo_project.DemoProjectTest" name="signOut" time="0.0">
    <ignored/>
  </testcase> <!-- signOut -->
  <testcase classname="priority.PriorityTest" name="searchDress" time="0.0">
    <ignored/>
  </testcase> <!-- searchDress -->
  <testcase classname="annotations.AnnotationTest" name="searchProduct" time="0.0">
    <ignored/>
  </testcase> <!-- searchProduct -->
  <testcase classname="priority.PriorityTest" name="signIn" time="0.0">
    <ignored/>
  </testcase> <!-- signIn -->
  <testcase classname="demo_project.DemoProjectTest" name="signIn" time="0.0">
    <ignored/>
  </testcase> <!-- signIn -->
  <testcase classname="dependency.DependencyTest" name="pageNameVerification" time="0.0">
    <ignored/>
  </testcase> <!-- pageNameVerification -->
  <testcase classname="priority.PriorityTest" name="addToCart" time="0.0">
    <ignored/>
  </testcase> <!-- addToCart -->
  <testcase classname="dependency.DependencyTest" name="searchProduct" time="0.0">
    <ignored/>
  </testcase> <!-- searchProduct -->
  <testcase classname="dependency.DependencyTest" name="signOut" time="0.0">
    <ignored/>
  </testcase> <!-- signOut -->
</testsuite> <!-- Test -->
